
Analyzing the following files: src/less/myproject.less, src/less/myproject-responsive.less

FILE: src/less/myproject-responsive.less
STATUS: Perfect!

FILE: src/less/myproject.less
STATUS: Busted
FAILURES: 366 failures

Id's should not be styled
     123. #map_canvas

Underscores should not be used when naming selectors
     123. #map_canvas

Universal selectors should be avoided
     276.  [class*="span"]

Universal selectors should be avoided
     372.  .row-fluid [class*="span"]

Universal selectors should be avoided
     383.  .row-fluid [class*="span"]:first-child

Universal selectors should be avoided
     386.  .row-fluid .controls-row [class*="span"] + [class*="span"]

Universal selectors should be avoided
     533.  [class*="span"].hide

Universal selectors should be avoided
     534.  .row-fluid [class*="span"].hide

Universal selectors should be avoided
     537.  [class*="span"].pull-right

Universal selectors should be avoided
     538.  .row-fluid [class*="span"].pull-right

Element selectors should not be overqualified
     593. a.muted:hover

Element selectors should not be overqualified
     594. a.muted:focus

Element selectors should not be overqualified
     600. a.text-warning:hover

Element selectors should not be overqualified
     601. a.text-warning:focus

Element selectors should not be overqualified
     607. a.text-error:hover

Element selectors should not be overqualified
     608. a.text-error:focus

Element selectors should not be overqualified
     614. a.text-info:hover

Element selectors should not be overqualified
     615. a.text-info:focus

Element selectors should not be overqualified
     621. a.text-success:hover

Element selectors should not be overqualified
     622. a.text-success:focus

Element selectors should not be overqualified
     711. ul.unstyled

Element selectors should not be overqualified
     712. ol.unstyled

Element selectors should not be overqualified
     716. ul.inline

Element selectors should not be overqualified
     717. ol.inline

Element selectors should not be overqualified
     721. ul.inline > li

Element selectors should not be overqualified
     722. ol.inline > li

Element selectors should not be overqualified
     779. abbr.initialism

Element selectors should not be overqualified
     802. blockquote.pull-right

Element selectors should not be overqualified
     809. blockquote.pull-right p

Element selectors should not be overqualified
     810. blockquote.pull-right small

Element selectors should not be overqualified
     813. blockquote.pull-right small:before

Element selectors should not be overqualified
     816. blockquote.pull-right small:after

Element selectors should not be overqualified
     865. pre.prettyprint

Element selectors should not be overqualified
    1101. .radio.inline

Element selectors should not be overqualified
    1102. .checkbox.inline

Element selectors should not be overqualified
    1108. .radio.inline + .radio.inline

Element selectors should not be overqualified
    1109. .checkbox.inline + .checkbox.inline

Universal selectors should be avoided
    1130.  input[class*="span"]

Universal selectors should be avoided
    1131.  select[class*="span"]

Universal selectors should be avoided
    1132.  textarea[class*="span"]

Universal selectors should be avoided
    1133.  .uneditable-input[class*="span"]

Universal selectors should be avoided
    1134.  .row-fluid input[class*="span"]

Universal selectors should be avoided
    1135.  .row-fluid select[class*="span"]

Universal selectors should be avoided
    1136.  .row-fluid textarea[class*="span"]

Universal selectors should be avoided
    1137.  .row-fluid .uneditable-input[class*="span"]

Universal selectors should be avoided
    1141.  .input-append input[class*="span"]

Universal selectors should be avoided
    1142.  .input-append .uneditable-input[class*="span"]

Universal selectors should be avoided
    1143.  .input-prepend input[class*="span"]

Universal selectors should be avoided
    1144.  .input-prepend .uneditable-input[class*="span"]

Universal selectors should be avoided
    1145.  .row-fluid input[class*="span"]

Universal selectors should be avoided
    1146.  .row-fluid select[class*="span"]

Universal selectors should be avoided
    1147.  .row-fluid textarea[class*="span"]

Universal selectors should be avoided
    1148.  .row-fluid .uneditable-input[class*="span"]

Universal selectors should be avoided
    1149.  .row-fluid .input-prepend [class*="span"]

Universal selectors should be avoided
    1150.  .row-fluid .input-append [class*="span"]

Universal selectors should be avoided
    1158.  .controls-row [class*="span"] + [class*="span"]

Element selectors should not be overqualified
    1161. input.span12

Element selectors should not be overqualified
    1162. textarea.span12

Element selectors should not be overqualified
    1163. .uneditable-input.span12

Element selectors should not be overqualified
    1166. input.span11

Element selectors should not be overqualified
    1167. textarea.span11

Element selectors should not be overqualified
    1168. .uneditable-input.span11

Element selectors should not be overqualified
    1171. input.span10

Element selectors should not be overqualified
    1172. textarea.span10

Element selectors should not be overqualified
    1173. .uneditable-input.span10

Element selectors should not be overqualified
    1176. input.span9

Element selectors should not be overqualified
    1177. textarea.span9

Element selectors should not be overqualified
    1178. .uneditable-input.span9

Element selectors should not be overqualified
    1181. input.span8

Element selectors should not be overqualified
    1182. textarea.span8

Element selectors should not be overqualified
    1183. .uneditable-input.span8

Element selectors should not be overqualified
    1186. input.span7

Element selectors should not be overqualified
    1187. textarea.span7

Element selectors should not be overqualified
    1188. .uneditable-input.span7

Element selectors should not be overqualified
    1191. input.span6

Element selectors should not be overqualified
    1192. textarea.span6

Element selectors should not be overqualified
    1193. .uneditable-input.span6

Element selectors should not be overqualified
    1196. input.span5

Element selectors should not be overqualified
    1197. textarea.span5

Element selectors should not be overqualified
    1198. .uneditable-input.span5

Element selectors should not be overqualified
    1201. input.span4

Element selectors should not be overqualified
    1202. textarea.span4

Element selectors should not be overqualified
    1203. .uneditable-input.span4

Element selectors should not be overqualified
    1206. input.span3

Element selectors should not be overqualified
    1207. textarea.span3

Element selectors should not be overqualified
    1208. .uneditable-input.span3

Element selectors should not be overqualified
    1211. input.span2

Element selectors should not be overqualified
    1212. textarea.span2

Element selectors should not be overqualified
    1213. .uneditable-input.span2

Element selectors should not be overqualified
    1216. input.span1

Element selectors should not be overqualified
    1217. textarea.span1

Element selectors should not be overqualified
    1218. .uneditable-input.span1

Universal selectors should be avoided
    1233.  .controls-row [class*="span"]

Universal selectors should be avoided
    1234.  .row-fluid .controls-row [class*="span"]

Universal selectors should be avoided
    1237.  .controls-row .checkbox[class*="span"]

Universal selectors should be avoided
    1238.  .controls-row .radio[class*="span"]

Element selectors should not be overqualified
    1256. .control-group.warning .control-label

Element selectors should not be overqualified
    1257. .control-group.warning .help-block

Element selectors should not be overqualified
    1258. .control-group.warning .help-inline

Element selectors should not be overqualified
    1261. .control-group.warning .checkbox

Element selectors should not be overqualified
    1262. .control-group.warning .radio

Element selectors should not be overqualified
    1263. .control-group.warning input

Element selectors should not be overqualified
    1264. .control-group.warning select

Element selectors should not be overqualified
    1265. .control-group.warning textarea

Element selectors should not be overqualified
    1268. .control-group.warning input

Element selectors should not be overqualified
    1269. .control-group.warning select

Element selectors should not be overqualified
    1270. .control-group.warning textarea

Element selectors should not be overqualified
    1276. .control-group.warning input:focus

Element selectors should not be overqualified
    1277. .control-group.warning select:focus

Element selectors should not be overqualified
    1278. .control-group.warning textarea:focus

Element selectors should not be overqualified
    1284. .control-group.warning .input-prepend .add-on

Element selectors should not be overqualified
    1285. .control-group.warning .input-append .add-on

Element selectors should not be overqualified
    1290. .control-group.error .control-label

Element selectors should not be overqualified
    1291. .control-group.error .help-block

Element selectors should not be overqualified
    1292. .control-group.error .help-inline

Element selectors should not be overqualified
    1295. .control-group.error .checkbox

Element selectors should not be overqualified
    1296. .control-group.error .radio

Element selectors should not be overqualified
    1297. .control-group.error input

Element selectors should not be overqualified
    1298. .control-group.error select

Element selectors should not be overqualified
    1299. .control-group.error textarea

Element selectors should not be overqualified
    1302. .control-group.error input

Element selectors should not be overqualified
    1303. .control-group.error select

Element selectors should not be overqualified
    1304. .control-group.error textarea

Element selectors should not be overqualified
    1310. .control-group.error input:focus

Element selectors should not be overqualified
    1311. .control-group.error select:focus

Element selectors should not be overqualified
    1312. .control-group.error textarea:focus

Element selectors should not be overqualified
    1318. .control-group.error .input-prepend .add-on

Element selectors should not be overqualified
    1319. .control-group.error .input-append .add-on

Element selectors should not be overqualified
    1324. .control-group.success .control-label

Element selectors should not be overqualified
    1325. .control-group.success .help-block

Element selectors should not be overqualified
    1326. .control-group.success .help-inline

Element selectors should not be overqualified
    1329. .control-group.success .checkbox

Element selectors should not be overqualified
    1330. .control-group.success .radio

Element selectors should not be overqualified
    1331. .control-group.success input

Element selectors should not be overqualified
    1332. .control-group.success select

Element selectors should not be overqualified
    1333. .control-group.success textarea

Element selectors should not be overqualified
    1336. .control-group.success input

Element selectors should not be overqualified
    1337. .control-group.success select

Element selectors should not be overqualified
    1338. .control-group.success textarea

Element selectors should not be overqualified
    1344. .control-group.success input:focus

Element selectors should not be overqualified
    1345. .control-group.success select:focus

Element selectors should not be overqualified
    1346. .control-group.success textarea:focus

Element selectors should not be overqualified
    1352. .control-group.success .input-prepend .add-on

Element selectors should not be overqualified
    1353. .control-group.success .input-append .add-on

Element selectors should not be overqualified
    1358. .control-group.info .control-label

Element selectors should not be overqualified
    1359. .control-group.info .help-block

Element selectors should not be overqualified
    1360. .control-group.info .help-inline

Element selectors should not be overqualified
    1363. .control-group.info .checkbox

Element selectors should not be overqualified
    1364. .control-group.info .radio

Element selectors should not be overqualified
    1365. .control-group.info input

Element selectors should not be overqualified
    1366. .control-group.info select

Element selectors should not be overqualified
    1367. .control-group.info textarea

Element selectors should not be overqualified
    1370. .control-group.info input

Element selectors should not be overqualified
    1371. .control-group.info select

Element selectors should not be overqualified
    1372. .control-group.info textarea

Element selectors should not be overqualified
    1378. .control-group.info input:focus

Element selectors should not be overqualified
    1379. .control-group.info select:focus

Element selectors should not be overqualified
    1380. .control-group.info textarea:focus

Element selectors should not be overqualified
    1386. .control-group.info .input-prepend .add-on

Element selectors should not be overqualified
    1387. .control-group.info .input-append .add-on

Element selectors should not be overqualified
    1549. .input-prepend.input-append input

Element selectors should not be overqualified
    1550. .input-prepend.input-append select

Element selectors should not be overqualified
    1551. .input-prepend.input-append .uneditable-input

Element selectors should not be overqualified
    1556. .input-prepend.input-append input + .btn-group .btn

Element selectors should not be overqualified
    1557. .input-prepend.input-append select + .btn-group .btn

Element selectors should not be overqualified
    1558. .input-prepend.input-append .uneditable-input + .btn-group .btn

Element selectors should not be overqualified
    1563. .input-prepend.input-append .add-on:first-child

Element selectors should not be overqualified
    1564. .input-prepend.input-append .btn:first-child

Element selectors should not be overqualified
    1570. .input-prepend.input-append .add-on:last-child

Element selectors should not be overqualified
    1571. .input-prepend.input-append .btn:last-child

Element selectors should not be overqualified
    1577. .input-prepend.input-append .btn-group:first-child

Element selectors should not be overqualified
    1580. input.search-query

Universal selectors should be avoided
    1862.  table td[class*="span"]

Universal selectors should be avoided
    1863.  table th[class*="span"]

Universal selectors should be avoided
    1864.  .row-fluid table td[class*="span"]

Universal selectors should be avoided
    1865.  .row-fluid table th[class*="span"]

Element selectors should not be overqualified
    1870. .table td.span1

Element selectors should not be overqualified
    1871. .table th.span1

Element selectors should not be overqualified
    1876. .table td.span2

Element selectors should not be overqualified
    1877. .table th.span2

Element selectors should not be overqualified
    1882. .table td.span3

Element selectors should not be overqualified
    1883. .table th.span3

Element selectors should not be overqualified
    1888. .table td.span4

Element selectors should not be overqualified
    1889. .table th.span4

Element selectors should not be overqualified
    1894. .table td.span5

Element selectors should not be overqualified
    1895. .table th.span5

Element selectors should not be overqualified
    1900. .table td.span6

Element selectors should not be overqualified
    1901. .table th.span6

Element selectors should not be overqualified
    1906. .table td.span7

Element selectors should not be overqualified
    1907. .table th.span7

Element selectors should not be overqualified
    1912. .table td.span8

Element selectors should not be overqualified
    1913. .table th.span8

Element selectors should not be overqualified
    1918. .table td.span9

Element selectors should not be overqualified
    1919. .table th.span9

Element selectors should not be overqualified
    1924. .table td.span10

Element selectors should not be overqualified
    1925. .table th.span10

Element selectors should not be overqualified
    1930. .table td.span11

Element selectors should not be overqualified
    1931. .table th.span11

Element selectors should not be overqualified
    1936. .table td.span12

Element selectors should not be overqualified
    1937. .table th.span12

Element selectors should not be overqualified
    1942. .table tbody tr.success > td

Element selectors should not be overqualified
    1945. .table tbody tr.error > td

Element selectors should not be overqualified
    1948. .table tbody tr.warning > td

Element selectors should not be overqualified
    1951. .table tbody tr.info > td

Element selectors should not be overqualified
    1954. .table-hover tbody tr.success:hover > td

Element selectors should not be overqualified
    1957. .table-hover tbody tr.error:hover > td

Element selectors should not be overqualified
    1960. .table-hover tbody tr.warning:hover > td

Element selectors should not be overqualified
    1963. .table-hover tbody tr.info:hover > td

Universal selectors should be avoided
    1967.  [class*=" icon-"]

Universal selectors should be avoided
    1982.  .nav-pills > .active > a > [class*=" icon-"]

Universal selectors should be avoided
    1984.  .nav-list > .active > a > [class*=" icon-"]

Universal selectors should be avoided
    1986.  .navbar-inverse .nav > .active > a > [class*=" icon-"]

Universal selectors should be avoided
    1989.  .dropdown-menu > li > a:hover > [class*=" icon-"]

Universal selectors should be avoided
    1990.  .dropdown-menu > li > a:focus > [class*=" icon-"]

Universal selectors should be avoided
    1992.  .dropdown-menu > .active > a > [class*=" icon-"]

Universal selectors should be avoided
    1995.  .dropdown-submenu:hover > a > [class*=" icon-"]

Universal selectors should be avoided
    1996.  .dropdown-submenu:focus > a > [class*=" icon-"]

Element selectors should not be overqualified
    2473. .dropdown-menu.pull-right

Element selectors should not be overqualified
    2600. .dropdown-submenu.pull-left

Element selectors should not be overqualified
    2603. .dropdown-submenu.pull-left > .dropdown-menu

Element selectors should not be overqualified
    2657. .fade.in

Element selectors should not be overqualified
    2669. .collapse.in

Element selectors should not be overqualified
    2690. button.close

Element selectors should not be overqualified
    2740. .btn.active

Element selectors should not be overqualified
    2741. .btn.disabled

Element selectors should not be overqualified
    2748. .btn.active

Element selectors should not be overqualified
    2769. .btn.active

Element selectors should not be overqualified
    2777. .btn.disabled

Universal selectors should be avoided
    2795.  .btn-large [class*=" icon-"]

Universal selectors should be avoided
    2806.  .btn-small [class*=" icon-"]

Universal selectors should be avoided
    2810.  .btn-mini [class*=" icon-"]

Element selectors should not be overqualified
    2837. .btn-primary.active

Element selectors should not be overqualified
    2838. .btn-warning.active

Element selectors should not be overqualified
    2839. .btn-danger.active

Element selectors should not be overqualified
    2840. .btn-success.active

Element selectors should not be overqualified
    2841. .btn-info.active

Element selectors should not be overqualified
    2842. .btn-inverse.active

Element selectors should not be overqualified
    2866. .btn-primary.active

Element selectors should not be overqualified
    2867. .btn-primary.disabled

Element selectors should not be overqualified
    2874. .btn-primary.active

Element selectors should not be overqualified
    2898. .btn-warning.active

Element selectors should not be overqualified
    2899. .btn-warning.disabled

Element selectors should not be overqualified
    2906. .btn-warning.active

Element selectors should not be overqualified
    2930. .btn-danger.active

Element selectors should not be overqualified
    2931. .btn-danger.disabled

Element selectors should not be overqualified
    2938. .btn-danger.active

Element selectors should not be overqualified
    2962. .btn-success.active

Element selectors should not be overqualified
    2963. .btn-success.disabled

Element selectors should not be overqualified
    2970. .btn-success.active

Element selectors should not be overqualified
    2994. .btn-info.active

Element selectors should not be overqualified
    2995. .btn-info.disabled

Element selectors should not be overqualified
    3002. .btn-info.active

Element selectors should not be overqualified
    3026. .btn-inverse.active

Element selectors should not be overqualified
    3027. .btn-inverse.disabled

Element selectors should not be overqualified
    3034. .btn-inverse.active

Element selectors should not be overqualified
    3037. button.btn

Element selectors should not be overqualified
    3042. button.btn::-moz-focus-inner

Element selectors should not be overqualified
    3047. button.btn.btn-large

Element selectors should not be overqualified
    3048. input[type="submit"].btn.btn-large

Element selectors should not be overqualified
    3052. button.btn.btn-small

Element selectors should not be overqualified
    3053. input[type="submit"].btn.btn-small

Element selectors should not be overqualified
    3057. button.btn.btn-mini

Element selectors should not be overqualified
    3058. input[type="submit"].btn.btn-mini

Element selectors should not be overqualified
    3159. .btn-group > .btn.large:first-child

Element selectors should not be overqualified
    3168. .btn-group > .btn.large:last-child

Element selectors should not be overqualified
    3169. .btn-group > .large.dropdown-toggle

Element selectors should not be overqualified
    3180. .btn-group > .btn.active

Element selectors should not be overqualified
    3184. .btn-group.open .dropdown-toggle

Element selectors should not be overqualified
    3212. .btn-group.open .dropdown-toggle

Element selectors should not be overqualified
    3218. .btn-group.open .btn.dropdown-toggle

Element selectors should not be overqualified
    3221. .btn-group.open .btn-primary.dropdown-toggle

Element selectors should not be overqualified
    3224. .btn-group.open .btn-warning.dropdown-toggle

Element selectors should not be overqualified
    3227. .btn-group.open .btn-danger.dropdown-toggle

Element selectors should not be overqualified
    3230. .btn-group.open .btn-success.dropdown-toggle

Element selectors should not be overqualified
    3233. .btn-group.open .btn-info.dropdown-toggle

Element selectors should not be overqualified
    3236. .btn-group.open .btn-inverse.dropdown-toggle

Universal selectors should be avoided
    3420.  .nav-list [class*=" icon-"]

Element selectors should not be overqualified
    3508. .nav-tabs.nav-stacked

Element selectors should not be overqualified
    3511. .nav-tabs.nav-stacked > li > a

Element selectors should not be overqualified
    3517. .nav-tabs.nav-stacked > li:first-child > a

Element selectors should not be overqualified
    3525. .nav-tabs.nav-stacked > li:last-child > a

Element selectors should not be overqualified
    3533. .nav-tabs.nav-stacked > li > a:hover

Element selectors should not be overqualified
    3534. .nav-tabs.nav-stacked > li > a:focus

Element selectors should not be overqualified
    3538. .nav-pills.nav-stacked > li > a

Element selectors should not be overqualified
    3541. .nav-pills.nav-stacked > li:last-child > a

Element selectors should not be overqualified
    3576. .nav > .dropdown.active > a:hover

Element selectors should not be overqualified
    3577. .nav > .dropdown.active > a:focus

Element selectors should not be overqualified
    3582. .nav > li.dropdown.open.active > a:hover

Element selectors should not be overqualified
    3583. .nav > li.dropdown.open.active > a:focus

Element selectors should not be overqualified
    3588. .nav li.dropdown.open .caret

Element selectors should not be overqualified
    3589. .nav li.dropdown.open.active .caret

Element selectors should not be overqualified
    3590. .nav li.dropdown.open a:hover .caret

Element selectors should not be overqualified
    3591. .nav li.dropdown.open a:focus .caret

Element selectors should not be overqualified
    3751. .nav-collapse.collapse

Element selectors should not be overqualified
    3915. .navbar .nav.pull-right

Element selectors should not be overqualified
    3977. .navbar .btn-navbar.active

Element selectors should not be overqualified
    3978. .navbar .btn-navbar.disabled

Element selectors should not be overqualified
    3985. .navbar .btn-navbar.active

Element selectors should not be overqualified
    4037. .navbar .nav li.dropdown > a:hover .caret

Element selectors should not be overqualified
    4038. .navbar .nav li.dropdown > a:focus .caret

Element selectors should not be overqualified
    4042. .navbar .nav li.dropdown.open > .dropdown-toggle

Element selectors should not be overqualified
    4043. .navbar .nav li.dropdown.active > .dropdown-toggle

Element selectors should not be overqualified
    4044. .navbar .nav li.dropdown.open.active > .dropdown-toggle

Element selectors should not be overqualified
    4048. .navbar .nav li.dropdown > .dropdown-toggle .caret

Element selectors should not be overqualified
    4052. .navbar .nav li.dropdown.open > .dropdown-toggle .caret

Element selectors should not be overqualified
    4053. .navbar .nav li.dropdown.active > .dropdown-toggle .caret

Element selectors should not be overqualified
    4054. .navbar .nav li.dropdown.open.active > .dropdown-toggle .caret

Element selectors should not be overqualified
    4059. .navbar .nav > li > .dropdown-menu.pull-right

Element selectors should not be overqualified
    4064. .navbar .nav > li > .dropdown-menu.pull-right:before

Element selectors should not be overqualified
    4069. .navbar .nav > li > .dropdown-menu.pull-right:after

Element selectors should not be overqualified
    4074. .navbar .nav > li > .dropdown-menu.pull-right .dropdown-menu

Element selectors should not be overqualified
    4133. .navbar-inverse .nav li.dropdown.open > .dropdown-toggle

Element selectors should not be overqualified
    4134. .navbar-inverse .nav li.dropdown.active > .dropdown-toggle

Element selectors should not be overqualified
    4135. .navbar-inverse .nav li.dropdown.open.active > .dropdown-toggle

Element selectors should not be overqualified
    4139. .navbar-inverse .nav li.dropdown > a:hover .caret

Element selectors should not be overqualified
    4140. .navbar-inverse .nav li.dropdown > a:focus .caret

Element selectors should not be overqualified
    4144. .navbar-inverse .nav li.dropdown > .dropdown-toggle .caret

Element selectors should not be overqualified
    4148. .navbar-inverse .nav li.dropdown.open > .dropdown-toggle .caret

Element selectors should not be overqualified
    4149. .navbar-inverse .nav li.dropdown.active > .dropdown-toggle .caret

Element selectors should not be overqualified
    4150. .navbar-inverse .nav li.dropdown.open.active > .dropdown-toggle .caret

Element selectors should not be overqualified
    4176. .navbar-inverse .navbar-search .search-query.focused

Element selectors should not be overqualified
    4208. .navbar-inverse .btn-navbar.active

Element selectors should not be overqualified
    4209. .navbar-inverse .btn-navbar.disabled

Element selectors should not be overqualified
    4216. .navbar-inverse .btn-navbar.active

Element selectors should not be overqualified
    4431. .modal-backdrop.fade

Element selectors should not be overqualified
    4435. .modal-backdrop.fade.in

Element selectors should not be overqualified
    4463. .modal.fade

Element selectors should not be overqualified
    4470. .modal.fade.in

Element selectors should not be overqualified
    4536. .tooltip.in

Element selectors should not be overqualified
    4540. .tooltip.top

Element selectors should not be overqualified
    4544. .tooltip.right

Element selectors should not be overqualified
    4548. .tooltip.bottom

Element selectors should not be overqualified
    4552. .tooltip.left

Element selectors should not be overqualified
    4574. .tooltip.top .tooltip-arrow

Element selectors should not be overqualified
    4581. .tooltip.right .tooltip-arrow

Element selectors should not be overqualified
    4588. .tooltip.left .tooltip-arrow

Element selectors should not be overqualified
    4595. .tooltip.bottom .tooltip-arrow

Element selectors should not be overqualified
    4625. .popover.top

Element selectors should not be overqualified
    4628. .popover.right

Element selectors should not be overqualified
    4631. .popover.bottom

Element selectors should not be overqualified
    4634. .popover.left

Element selectors should not be overqualified
    4671. .popover.top .arrow

Element selectors should not be overqualified
    4679. .popover.top .arrow:after

Element selectors should not be overqualified
    4685. .popover.right .arrow

Element selectors should not be overqualified
    4693. .popover.right .arrow:after

Element selectors should not be overqualified
    4699. .popover.bottom .arrow

Element selectors should not be overqualified
    4707. .popover.bottom .arrow:after

Element selectors should not be overqualified
    4713. .popover.left .arrow

Element selectors should not be overqualified
    4721. .popover.left .arrow:after

Element selectors should not be overqualified
    4765. a.thumbnail:hover

Element selectors should not be overqualified
    4766. a.thumbnail:focus

Element selectors should not be overqualified
    4840. a.label:hover

Element selectors should not be overqualified
    4841. a.label:focus

Element selectors should not be overqualified
    4842. a.badge:hover

Element selectors should not be overqualified
    4843. a.badge:focus

No need to specify units when a value is 0
    4957. width: 0%;

Element selectors should not be overqualified
    5000. .progress.active .bar

Element selectors should not be overqualified
    5018. .progress-danger.progress-striped .bar

Element selectors should not be overqualified
    5038. .progress-success.progress-striped .bar

Element selectors should not be overqualified
    5058. .progress-info.progress-striped .bar

Element selectors should not be overqualified
    5078. .progress-warning.progress-striped .bar

Element selectors should not be overqualified
    5154. .carousel-inner > .next.left

Element selectors should not be overqualified
    5155. .carousel-inner > .prev.right

Element selectors should not be overqualified
    5158. .carousel-inner > .active.left

Element selectors should not be overqualified
    5161. .carousel-inner > .active.right

Element selectors should not be overqualified
    5184. .carousel-control.right

